{
  "stats": {
    "suites": 1,
    "tests": 2,
    "passes": 0,
    "pending": 0,
    "failures": 2,
    "start": "2025-05-12T23:09:26.452Z",
    "end": "2025-05-12T23:09:40.743Z",
    "duration": 14291,
    "testsRegistered": 2,
    "passPercent": 0,
    "pendingPercent": 0,
    "other": 0,
    "hasOther": false,
    "skipped": 0,
    "hasSkipped": false
  },
  "results": [
    {
      "uuid": "fada5e6f-aa9c-4853-b391-ba7c2e0ccba6",
      "title": "",
      "fullFile": "cypress\\e2e\\checkout.cy.js",
      "file": "cypress\\e2e\\checkout.cy.js",
      "beforeHooks": [],
      "afterHooks": [],
      "tests": [],
      "suites": [
        {
          "uuid": "b20c81f0-bbf5-4ef5-9298-3e35c31a7a84",
          "title": "Fluxo de Checkout",
          "fullFile": "",
          "file": "",
          "beforeHooks": [],
          "afterHooks": [],
          "tests": [
            {
              "title": "Deve interceptar e validar a adição de um item no carrinho",
              "fullTitle": "Fluxo de Checkout Deve interceptar e validar a adição de um item no carrinho",
              "timedOut": null,
              "duration": 10098,
              "state": "failed",
              "speed": null,
              "pass": false,
              "fail": true,
              "pending": false,
              "context": null,
              "code": "cy.intercept(\"GET\", \"**/public/getCart?userId=*\", req => {\n  req.reply({\n    statusCode: 200,\n    body: {\n      success: true,\n      message: \"Item adicionado com sucesso\"\n    }\n  });\n}).as(\"getCarrinho\");\ncy.visit(\"/\");\ncy.adicionarProduto(\"Teste\");\ncy.wait(\"@getCarrinho\").its(\"response.statusCode\").should(\"eq\", 200);",
              "err": {
                "message": "TypeError: The following error originated from your application code, not from Cypress.\n\n  > First argument must be a string\n\nWhen Cypress detects uncaught errors originating from your application it will automatically fail the current test.\n\nThis behavior is configurable, and you can choose to turn this off by listening to the `uncaught:exception` event.\n\nhttps://on.cypress.io/uncaught-exception-from-application",
                "estack": "TypeError: The following error originated from your application code, not from Cypress.\n\n  > First argument must be a string\n\nWhen Cypress detects uncaught errors originating from your application it will automatically fail the current test.\n\nThis behavior is configurable, and you can choose to turn this off by listening to the `uncaught:exception` event.\n\nhttps://on.cypress.io/uncaught-exception-from-application\n    at t.default (http://lojaebac.ebaconline.art.br/bundle.web.js:2:1880374)\n    at t.default (http://lojaebac.ebaconline.art.br/bundle.web.js:2:1131710)\n    at ki (http://lojaebac.ebaconline.art.br/bundle.web.js:2:2335591)\n    at Ms (http://lojaebac.ebaconline.art.br/bundle.web.js:2:2347212)\n    at kl (http://lojaebac.ebaconline.art.br/bundle.web.js:2:2393290)\n    at Au (http://lojaebac.ebaconline.art.br/bundle.web.js:2:2381575)\n    at vu (http://lojaebac.ebaconline.art.br/bundle.web.js:2:2381503)\n    at yu (http://lojaebac.ebaconline.art.br/bundle.web.js:2:2381366)\n    at iu (http://lojaebac.ebaconline.art.br/bundle.web.js:2:2378173)\n    at ou (http://lojaebac.ebaconline.art.br/bundle.web.js:2:2376728)",
                "diff": null
              },
              "uuid": "216883f4-9cee-4f5b-a9e8-2c49fdc78bb4",
              "parentUUID": "b20c81f0-bbf5-4ef5-9298-3e35c31a7a84",
              "isHook": false,
              "skipped": false
            },
            {
              "title": "Deve intercerpectar e valitar uma remoção de um item no carrinho",
              "fullTitle": "Fluxo de Checkout Deve intercerpectar e valitar uma remoção de um item no carrinho",
              "timedOut": null,
              "duration": 3898,
              "state": "failed",
              "speed": null,
              "pass": false,
              "fail": true,
              "pending": false,
              "context": null,
              "code": "cy.intercept(\"PUT\", \"**/public/updateCart/*\", req => {\n  req.reply({\n    statusCode: 200,\n    body: {\n      sucess: true,\n      message: \"Item removido com sucesso\"\n    }\n  });\n}).as(\"putCarrinho\");\ncy.visit(\"/\");\ncy.adicionarProduto(\"Teste\");",
              "err": {
                "message": "TypeError: The following error originated from your application code, not from Cypress.\n\n  > First argument must be a string\n\nWhen Cypress detects uncaught errors originating from your application it will automatically fail the current test.\n\nThis behavior is configurable, and you can choose to turn this off by listening to the `uncaught:exception` event.\n\nhttps://on.cypress.io/uncaught-exception-from-application",
                "estack": "TypeError: The following error originated from your application code, not from Cypress.\n\n  > First argument must be a string\n\nWhen Cypress detects uncaught errors originating from your application it will automatically fail the current test.\n\nThis behavior is configurable, and you can choose to turn this off by listening to the `uncaught:exception` event.\n\nhttps://on.cypress.io/uncaught-exception-from-application\n    at t.default (http://lojaebac.ebaconline.art.br/bundle.web.js:2:1880374)\n    at t.default (http://lojaebac.ebaconline.art.br/bundle.web.js:2:1131710)\n    at ki (http://lojaebac.ebaconline.art.br/bundle.web.js:2:2335591)\n    at Ms (http://lojaebac.ebaconline.art.br/bundle.web.js:2:2347212)\n    at kl (http://lojaebac.ebaconline.art.br/bundle.web.js:2:2393290)\n    at Au (http://lojaebac.ebaconline.art.br/bundle.web.js:2:2381575)\n    at vu (http://lojaebac.ebaconline.art.br/bundle.web.js:2:2381503)\n    at yu (http://lojaebac.ebaconline.art.br/bundle.web.js:2:2381366)\n    at iu (http://lojaebac.ebaconline.art.br/bundle.web.js:2:2378173)\n    at ou (http://lojaebac.ebaconline.art.br/bundle.web.js:2:2376728)",
                "diff": null
              },
              "uuid": "0d217103-1d2a-49c2-8337-0827141c89c8",
              "parentUUID": "b20c81f0-bbf5-4ef5-9298-3e35c31a7a84",
              "isHook": false,
              "skipped": false
            }
          ],
          "suites": [],
          "passes": [],
          "failures": [
            "216883f4-9cee-4f5b-a9e8-2c49fdc78bb4",
            "0d217103-1d2a-49c2-8337-0827141c89c8"
          ],
          "pending": [],
          "skipped": [],
          "duration": 13996,
          "root": false,
          "rootEmpty": false,
          "_timeout": 2000
        }
      ],
      "passes": [],
      "failures": [],
      "pending": [],
      "skipped": [],
      "duration": 0,
      "root": true,
      "rootEmpty": true,
      "_timeout": 2000
    }
  ],
  "meta": {
    "mocha": {
      "version": "7.0.1"
    },
    "mochawesome": {
      "options": {
        "quiet": false,
        "reportFilename": "mochawesome",
        "saveHtml": true,
        "saveJson": true,
        "consoleReporter": "spec",
        "useInlineDiffs": false,
        "code": true
      },
      "version": "7.1.3"
    },
    "marge": {
      "options": {
        "reportDir": "cypress/reports",
        "overwrite": false,
        "html": true,
        "json": true
      },
      "version": "6.2.0"
    }
  }
}