{
  "stats": {
    "suites": 1,
    "tests": 2,
    "passes": 2,
    "pending": 0,
    "failures": 0,
    "start": "2025-02-27T22:41:27.976Z",
    "end": "2025-02-27T22:41:51.817Z",
    "duration": 23841,
    "testsRegistered": 2,
    "passPercent": 100,
    "pendingPercent": 0,
    "other": 0,
    "hasOther": false,
    "skipped": 0,
    "hasSkipped": false
  },
  "results": [
    {
      "uuid": "1edc93b0-aa06-4367-9377-98865b2d723d",
      "title": "",
      "fullFile": "cypress\\e2e\\checkout.cy.js",
      "file": "cypress\\e2e\\checkout.cy.js",
      "beforeHooks": [],
      "afterHooks": [],
      "tests": [],
      "suites": [
        {
          "uuid": "0a07ca72-66af-4083-bb1a-eb710671fb77",
          "title": "Fluxo de Checkout",
          "fullFile": "",
          "file": "",
          "beforeHooks": [],
          "afterHooks": [],
          "tests": [
            {
              "title": "Deve interceptar e validar a adição de um item no carrinho",
              "fullTitle": "Fluxo de Checkout Deve interceptar e validar a adição de um item no carrinho",
              "timedOut": null,
              "duration": 16757,
              "state": "passed",
              "speed": "slow",
              "pass": true,
              "fail": false,
              "pending": false,
              "context": null,
              "code": "cy.intercept(\"GET\", \"**/public/getCart?userId=*\", req => {\n  req.reply({\n    statusCode: 200,\n    body: {\n      success: true,\n      message: \"Item adicionado com sucesso\"\n    }\n  });\n}).as(\"getCarrinho\");\ncy.visit(\"/\");\ncy.adicionarProduto(\"Teste\");\ncy.wait(\"@getCarrinho\").its(\"response.statusCode\").should(\"eq\", 200);",
              "err": {},
              "uuid": "20094d28-8456-4702-b5a4-c542b9673659",
              "parentUUID": "0a07ca72-66af-4083-bb1a-eb710671fb77",
              "isHook": false,
              "skipped": false
            },
            {
              "title": "Deve intercerpectar e valitar uma remoção de um item no carrinho",
              "fullTitle": "Fluxo de Checkout Deve intercerpectar e valitar uma remoção de um item no carrinho",
              "timedOut": null,
              "duration": 6914,
              "state": "passed",
              "speed": "medium",
              "pass": true,
              "fail": false,
              "pending": false,
              "context": null,
              "code": "cy.intercept(\"PUT\", \"**/public/updateCart/*\", req => {\n  req.reply({\n    statusCode: 200,\n    body: {\n      sucess: true,\n      message: \"Item removido com sucesso\"\n    }\n  });\n}).as(\"putCarrinho\");\ncy.visit(\"/\");\ncy.adicionarProduto(\"Teste\");",
              "err": {},
              "uuid": "02756370-7669-48da-bd89-3a8f87f89e1c",
              "parentUUID": "0a07ca72-66af-4083-bb1a-eb710671fb77",
              "isHook": false,
              "skipped": false
            }
          ],
          "suites": [],
          "passes": [
            "20094d28-8456-4702-b5a4-c542b9673659",
            "02756370-7669-48da-bd89-3a8f87f89e1c"
          ],
          "failures": [],
          "pending": [],
          "skipped": [],
          "duration": 23671,
          "root": false,
          "rootEmpty": false,
          "_timeout": 2000
        }
      ],
      "passes": [],
      "failures": [],
      "pending": [],
      "skipped": [],
      "duration": 0,
      "root": true,
      "rootEmpty": true,
      "_timeout": 2000
    }
  ],
  "meta": {
    "mocha": {
      "version": "7.0.1"
    },
    "mochawesome": {
      "options": {
        "quiet": false,
        "reportFilename": "mochawesome",
        "saveHtml": true,
        "saveJson": true,
        "consoleReporter": "spec",
        "useInlineDiffs": false,
        "code": true
      },
      "version": "7.1.3"
    },
    "marge": {
      "options": {
        "reportDir": "cypress/reports",
        "overwrite": false,
        "html": true,
        "json": true
      },
      "version": "6.2.0"
    }
  }
}